<?xml version="1.0" encoding="UTF-8"?>
<!-- Generated by org.testng.reporters.JUnitXMLReporter -->
<testsuite ignored="0" hostname="DESKTOP-CNBB8AT" failures="0" tests="6" name="Default test" time="14.483" errors="0" timestamp="2024-04-24T11:25:03 GMT-07:00">
  <testcase classname="api.testcases.DDTTest" name="TestPostUser" time="4.95"/>
  <testcase classname="api.testcases.DDTTest" name="TestPostUser" time="1.177"/>
  <testcase classname="api.testcases.DDTTest" name="TestPostUser" time="1.162"/>
  <testcase classname="api.testcases.DDTTest" name="testDeleteUser" time="1.182"/>
  <testcase classname="api.testcases.DDTTest" name="testDeleteUser" time="1.143"/>
  <testcase classname="api.testcases.DDTTest" name="testDeleteUser" time="1.226"/>
</testsuite> <!-- Default test -->
