<?xml version="1.0" encoding="UTF-8"?>
<!-- Generated by org.testng.reporters.JUnitXMLReporter -->
<testsuite ignored="0" hostname="DESKTOP-CNBB8AT" failures="0" tests="6" name="Test" time="13.484" errors="0" timestamp="2024-04-24T11:40:38 GMT-07:00">
  <testcase classname="api.testcases.DDTTest" name="TestPostUser" time="4.397"/>
  <testcase classname="api.testcases.DDTTest" name="TestPostUser" time="1.276"/>
  <testcase classname="api.testcases.DDTTest" name="TestPostUser" time="1.175"/>
  <testcase classname="api.testcases.DDTTest" name="testDeleteUser" time="1.167"/>
  <testcase classname="api.testcases.DDTTest" name="testDeleteUser" time="1.212"/>
  <testcase classname="api.testcases.DDTTest" name="testDeleteUser" time="1.149"/>
</testsuite> <!-- Test -->
