<?xml version="1.0" encoding="UTF-8"?>
<!-- Generated by org.testng.reporters.JUnitXMLReporter -->
<testsuite ignored="0" hostname="DESKTOP-CNBB8AT" failures="0" tests="6" name="Test" time="24.868" errors="0" timestamp="2024-04-25T00:05:53 GMT-07:00">
  <testcase classname="api.testcases.DDTTest" name="TestPostUser" time="7.823"/>
  <testcase classname="api.testcases.DDTTest" name="TestPostUser" time="1.466"/>
  <testcase classname="api.testcases.DDTTest" name="TestPostUser" time="1.356"/>
  <testcase classname="api.testcases.DDTTest" name="testDeleteUser" time="2.981"/>
  <testcase classname="api.testcases.DDTTest" name="testDeleteUser" time="6.088"/>
  <testcase classname="api.testcases.DDTTest" name="testDeleteUser" time="1.668"/>
</testsuite> <!-- Test -->
