<?xml version="1.0" encoding="UTF-8"?>
<testng-results ignored="0" total="6" passed="6" failed="0" skipped="0">
  <reporter-output>
  </reporter-output>
  <suite started-at="2024-04-25T00:05:27 GMT-07:00" name="Suite" finished-at="2024-04-25T00:05:52 GMT-07:00" duration-ms="24868">
    <groups>
    </groups>
    <test started-at="2024-04-25T00:05:27 GMT-07:00" name="Test" finished-at="2024-04-25T00:05:52 GMT-07:00" duration-ms="24868">
      <class name="api.testcases.DDTTest">
        <test-method signature="TestPostUser(java.lang.String,java.lang.String,java.lang.String,java.lang.String,java.lang.String,java.lang.String,java.lang.String)[pri:1, instance:api.testcases.DDTTest@4310d43]" started-at="2024-04-25T00:05:30 GMT-07:00" name="TestPostUser" data-provider="LoginData" finished-at="2024-04-25T00:05:38 GMT-07:00" duration-ms="7823" status="PASS">
          <params>
            <param index="0">
              <value>
                <![CDATA[1010]]>
              </value>
            </param>
            <param index="1">
              <value>
                <![CDATA[testuser11]]>
              </value>
            </param>
            <param index="2">
              <value>
                <![CDATA[John]]>
              </value>
            </param>
            <param index="3">
              <value>
                <![CDATA[John]]>
              </value>
            </param>
            <param index="4">
              <value>
                <![CDATA[test1@test.com]]>
              </value>
            </param>
            <param index="5">
              <value>
                <![CDATA[Abcd@1234]]>
              </value>
            </param>
            <param index="6">
              <value>
                <![CDATA[9878909898]]>
              </value>
            </param>
          </params>
          <reporter-output>
          </reporter-output>
        </test-method> <!-- TestPostUser -->
        <test-method signature="TestPostUser(java.lang.String,java.lang.String,java.lang.String,java.lang.String,java.lang.String,java.lang.String,java.lang.String)[pri:1, instance:api.testcases.DDTTest@4310d43]" started-at="2024-04-25T00:05:38 GMT-07:00" name="TestPostUser" data-provider="LoginData" finished-at="2024-04-25T00:05:40 GMT-07:00" duration-ms="1466" status="PASS">
          <params>
            <param index="0">
              <value>
                <![CDATA[1020]]>
              </value>
            </param>
            <param index="1">
              <value>
                <![CDATA[testuser12]]>
              </value>
            </param>
            <param index="2">
              <value>
                <![CDATA[Kim]]>
              </value>
            </param>
            <param index="3">
              <value>
                <![CDATA[Kim]]>
              </value>
            </param>
            <param index="4">
              <value>
                <![CDATA[test2@test.com]]>
              </value>
            </param>
            <param index="5">
              <value>
                <![CDATA[Abcd@1234]]>
              </value>
            </param>
            <param index="6">
              <value>
                <![CDATA[9878909898]]>
              </value>
            </param>
          </params>
          <reporter-output>
          </reporter-output>
        </test-method> <!-- TestPostUser -->
        <test-method signature="TestPostUser(java.lang.String,java.lang.String,java.lang.String,java.lang.String,java.lang.String,java.lang.String,java.lang.String)[pri:1, instance:api.testcases.DDTTest@4310d43]" started-at="2024-04-25T00:05:40 GMT-07:00" name="TestPostUser" data-provider="LoginData" finished-at="2024-04-25T00:05:41 GMT-07:00" duration-ms="1356" status="PASS">
          <params>
            <param index="0">
              <value>
                <![CDATA[1030]]>
              </value>
            </param>
            <param index="1">
              <value>
                <![CDATA[testuser13]]>
              </value>
            </param>
            <param index="2">
              <value>
                <![CDATA[Smith]]>
              </value>
            </param>
            <param index="3">
              <value>
                <![CDATA[Smith]]>
              </value>
            </param>
            <param index="4">
              <value>
                <![CDATA[test3@test.com]]>
              </value>
            </param>
            <param index="5">
              <value>
                <![CDATA[Abcd@1234]]>
              </value>
            </param>
            <param index="6">
              <value>
                <![CDATA[9878909898]]>
              </value>
            </param>
          </params>
          <reporter-output>
          </reporter-output>
        </test-method> <!-- TestPostUser -->
        <test-method signature="testDeleteUser(java.lang.String)[pri:2, instance:api.testcases.DDTTest@4310d43]" started-at="2024-04-25T00:05:41 GMT-07:00" name="testDeleteUser" data-provider="UserName" finished-at="2024-04-25T00:05:44 GMT-07:00" duration-ms="2981" status="PASS">
          <params>
            <param index="0">
              <value>
                <![CDATA[testuser11]]>
              </value>
            </param>
          </params>
          <reporter-output>
          </reporter-output>
        </test-method> <!-- testDeleteUser -->
        <test-method signature="testDeleteUser(java.lang.String)[pri:2, instance:api.testcases.DDTTest@4310d43]" started-at="2024-04-25T00:05:44 GMT-07:00" name="testDeleteUser" data-provider="UserName" finished-at="2024-04-25T00:05:50 GMT-07:00" duration-ms="6088" status="PASS">
          <params>
            <param index="0">
              <value>
                <![CDATA[testuser12]]>
              </value>
            </param>
          </params>
          <reporter-output>
          </reporter-output>
        </test-method> <!-- testDeleteUser -->
        <test-method signature="testDeleteUser(java.lang.String)[pri:2, instance:api.testcases.DDTTest@4310d43]" started-at="2024-04-25T00:05:50 GMT-07:00" name="testDeleteUser" data-provider="UserName" finished-at="2024-04-25T00:05:52 GMT-07:00" duration-ms="1668" status="PASS">
          <params>
            <param index="0">
              <value>
                <![CDATA[testuser13]]>
              </value>
            </param>
          </params>
          <reporter-output>
          </reporter-output>
        </test-method> <!-- testDeleteUser -->
      </class> <!-- api.testcases.DDTTest -->
    </test> <!-- Test -->
  </suite> <!-- Suite -->
</testng-results>
