<?xml version="1.0" encoding="UTF-8"?>
<testng-results ignored="0" total="6" passed="6" failed="0" skipped="0">
  <reporter-output>
  </reporter-output>
  <suite started-at="2024-04-24T11:40:24 GMT-07:00" name="Suite" finished-at="2024-04-24T11:40:38 GMT-07:00" duration-ms="13484">
    <groups>
    </groups>
    <test started-at="2024-04-24T11:40:24 GMT-07:00" name="Test" finished-at="2024-04-24T11:40:38 GMT-07:00" duration-ms="13484">
      <class name="api.testcases.DDTTest">
        <test-method signature="TestPostUser(java.lang.String,java.lang.String,java.lang.String,java.lang.String,java.lang.String,java.lang.String,java.lang.String)[pri:1, instance:api.testcases.DDTTest@d9345cd]" started-at="2024-04-24T11:40:27 GMT-07:00" name="TestPostUser" data-provider="LoginData" finished-at="2024-04-24T11:40:32 GMT-07:00" duration-ms="4397" status="PASS">
          <params>
            <param index="0">
              <value>
                <![CDATA[1010]]>
              </value>
            </param>
            <param index="1">
              <value>
                <![CDATA[testuser11]]>
              </value>
            </param>
            <param index="2">
              <value>
                <![CDATA[John]]>
              </value>
            </param>
            <param index="3">
              <value>
                <![CDATA[John]]>
              </value>
            </param>
            <param index="4">
              <value>
                <![CDATA[test1@test.com]]>
              </value>
            </param>
            <param index="5">
              <value>
                <![CDATA[Abcd@1234]]>
              </value>
            </param>
            <param index="6">
              <value>
                <![CDATA[9878909898]]>
              </value>
            </param>
          </params>
          <reporter-output>
          </reporter-output>
        </test-method> <!-- TestPostUser -->
        <test-method signature="TestPostUser(java.lang.String,java.lang.String,java.lang.String,java.lang.String,java.lang.String,java.lang.String,java.lang.String)[pri:1, instance:api.testcases.DDTTest@d9345cd]" started-at="2024-04-24T11:40:32 GMT-07:00" name="TestPostUser" data-provider="LoginData" finished-at="2024-04-24T11:40:33 GMT-07:00" duration-ms="1276" status="PASS">
          <params>
            <param index="0">
              <value>
                <![CDATA[1020]]>
              </value>
            </param>
            <param index="1">
              <value>
                <![CDATA[testuser12]]>
              </value>
            </param>
            <param index="2">
              <value>
                <![CDATA[Kim]]>
              </value>
            </param>
            <param index="3">
              <value>
                <![CDATA[Kim]]>
              </value>
            </param>
            <param index="4">
              <value>
                <![CDATA[test2@test.com]]>
              </value>
            </param>
            <param index="5">
              <value>
                <![CDATA[Abcd@1234]]>
              </value>
            </param>
            <param index="6">
              <value>
                <![CDATA[9878909898]]>
              </value>
            </param>
          </params>
          <reporter-output>
          </reporter-output>
        </test-method> <!-- TestPostUser -->
        <test-method signature="TestPostUser(java.lang.String,java.lang.String,java.lang.String,java.lang.String,java.lang.String,java.lang.String,java.lang.String)[pri:1, instance:api.testcases.DDTTest@d9345cd]" started-at="2024-04-24T11:40:33 GMT-07:00" name="TestPostUser" data-provider="LoginData" finished-at="2024-04-24T11:40:34 GMT-07:00" duration-ms="1175" status="PASS">
          <params>
            <param index="0">
              <value>
                <![CDATA[1030]]>
              </value>
            </param>
            <param index="1">
              <value>
                <![CDATA[testuser13]]>
              </value>
            </param>
            <param index="2">
              <value>
                <![CDATA[Smith]]>
              </value>
            </param>
            <param index="3">
              <value>
                <![CDATA[Smith]]>
              </value>
            </param>
            <param index="4">
              <value>
                <![CDATA[test3@test.com]]>
              </value>
            </param>
            <param index="5">
              <value>
                <![CDATA[Abcd@1234]]>
              </value>
            </param>
            <param index="6">
              <value>
                <![CDATA[9878909898]]>
              </value>
            </param>
          </params>
          <reporter-output>
          </reporter-output>
        </test-method> <!-- TestPostUser -->
        <test-method signature="testDeleteUser(java.lang.String)[pri:2, instance:api.testcases.DDTTest@d9345cd]" started-at="2024-04-24T11:40:34 GMT-07:00" name="testDeleteUser" data-provider="UserName" finished-at="2024-04-24T11:40:35 GMT-07:00" duration-ms="1167" status="PASS">
          <params>
            <param index="0">
              <value>
                <![CDATA[testuser11]]>
              </value>
            </param>
          </params>
          <reporter-output>
          </reporter-output>
        </test-method> <!-- testDeleteUser -->
        <test-method signature="testDeleteUser(java.lang.String)[pri:2, instance:api.testcases.DDTTest@d9345cd]" started-at="2024-04-24T11:40:35 GMT-07:00" name="testDeleteUser" data-provider="UserName" finished-at="2024-04-24T11:40:37 GMT-07:00" duration-ms="1212" status="PASS">
          <params>
            <param index="0">
              <value>
                <![CDATA[testuser12]]>
              </value>
            </param>
          </params>
          <reporter-output>
          </reporter-output>
        </test-method> <!-- testDeleteUser -->
        <test-method signature="testDeleteUser(java.lang.String)[pri:2, instance:api.testcases.DDTTest@d9345cd]" started-at="2024-04-24T11:40:37 GMT-07:00" name="testDeleteUser" data-provider="UserName" finished-at="2024-04-24T11:40:38 GMT-07:00" duration-ms="1149" status="PASS">
          <params>
            <param index="0">
              <value>
                <![CDATA[testuser13]]>
              </value>
            </param>
          </params>
          <reporter-output>
          </reporter-output>
        </test-method> <!-- testDeleteUser -->
      </class> <!-- api.testcases.DDTTest -->
    </test> <!-- Test -->
  </suite> <!-- Suite -->
</testng-results>
